<?xml version="1.0" encoding="UTF-8"?>
<!-- Generated by org.testng.reporters.JUnitXMLReporter -->
<testsuite ignored="0" hostname="VIKRAMRAJA" failures="0" tests="5" name="Default test" time="25.938" errors="0" timestamp="2025-08-09T19:27:06 IST">
  <testcase classname="org.erp.Login" name="login" time="1.125"/>
  <testcase classname="org.erp.Login" name="login" time="0.777"/>
  <testcase classname="org.erp.Login" name="login" time="0.809"/>
  <testcase classname="org.erp.Login" name="login" time="0.997"/>
  <testcase classname="org.erp.Login" name="login" time="0.714"/>
</testsuite> <!-- Default test -->
