<?xml version="1.0" encoding="UTF-8"?>
<testng-results ignored="0" total="5" passed="5" failed="0" skipped="0">
  <reporter-output>
  </reporter-output>
  <suite started-at="2025-08-09T19:26:40 IST" name="Default suite" finished-at="2025-08-09T19:27:06 IST" duration-ms="25938">
    <groups>
    </groups>
    <test started-at="2025-08-09T19:26:40 IST" name="Default test" finished-at="2025-08-09T19:27:06 IST" duration-ms="25938">
      <class name="org.erp.Login">
        <test-method is-config="true" signature="lauchbrowser()[pri:0, instance:org.erp.Login@32eff876]" started-at="2025-08-09T19:26:41 IST" name="lauchbrowser" finished-at="2025-08-09T19:26:46 IST" duration-ms="4870" status="PASS">
          <reporter-output>
          </reporter-output>
        </test-method> <!-- lauchbrowser -->
        <test-method signature="login(java.lang.String,java.lang.String)[pri:0, instance:org.erp.Login@32eff876]" started-at="2025-08-09T19:26:46 IST" name="login" data-provider="logindata" finished-at="2025-08-09T19:26:47 IST" duration-ms="1125" status="PASS">
          <params>
            <param index="0">
              <value>
                <![CDATA[vikram-kitchens]]>
              </value>
            </param>
            <param index="1">
              <value>
                <![CDATA[test@123]]>
              </value>
            </param>
          </params>
          <reporter-output>
          </reporter-output>
        </test-method> <!-- login -->
        <test-method is-config="true" signature="closebrowser()[pri:0, instance:org.erp.Login@32eff876]" started-at="2025-08-09T19:26:47 IST" name="closebrowser" finished-at="2025-08-09T19:26:47 IST" duration-ms="242" status="PASS">
          <reporter-output>
          </reporter-output>
        </test-method> <!-- closebrowser -->
        <test-method is-config="true" signature="lauchbrowser()[pri:0, instance:org.erp.Login@32eff876]" started-at="2025-08-09T19:26:47 IST" name="lauchbrowser" finished-at="2025-08-09T19:26:51 IST" duration-ms="4072" status="PASS">
          <reporter-output>
          </reporter-output>
        </test-method> <!-- lauchbrowser -->
        <test-method signature="login(java.lang.String,java.lang.String)[pri:0, instance:org.erp.Login@32eff876]" started-at="2025-08-09T19:26:51 IST" name="login" data-provider="logindata" finished-at="2025-08-09T19:26:52 IST" duration-ms="777" status="PASS">
          <params>
            <param index="0">
              <value>
                <![CDATA[vikram]]>
              </value>
            </param>
            <param index="1">
              <value>
                <![CDATA[test@123]]>
              </value>
            </param>
          </params>
          <reporter-output>
          </reporter-output>
        </test-method> <!-- login -->
        <test-method is-config="true" signature="closebrowser()[pri:0, instance:org.erp.Login@32eff876]" started-at="2025-08-09T19:26:52 IST" name="closebrowser" finished-at="2025-08-09T19:26:52 IST" duration-ms="236" status="PASS">
          <reporter-output>
          </reporter-output>
        </test-method> <!-- closebrowser -->
        <test-method is-config="true" signature="lauchbrowser()[pri:0, instance:org.erp.Login@32eff876]" started-at="2025-08-09T19:26:52 IST" name="lauchbrowser" finished-at="2025-08-09T19:26:56 IST" duration-ms="3234" status="PASS">
          <reporter-output>
          </reporter-output>
        </test-method> <!-- lauchbrowser -->
        <test-method signature="login(java.lang.String,java.lang.String)[pri:0, instance:org.erp.Login@32eff876]" started-at="2025-08-09T19:26:56 IST" name="login" data-provider="logindata" finished-at="2025-08-09T19:26:56 IST" duration-ms="809" status="PASS">
          <params>
            <param index="0">
              <value>
                <![CDATA[vikram-kitchens]]>
              </value>
            </param>
            <param index="1">
              <value>
                <![CDATA[123456]]>
              </value>
            </param>
          </params>
          <reporter-output>
          </reporter-output>
        </test-method> <!-- login -->
        <test-method is-config="true" signature="closebrowser()[pri:0, instance:org.erp.Login@32eff876]" started-at="2025-08-09T19:26:56 IST" name="closebrowser" finished-at="2025-08-09T19:26:57 IST" duration-ms="177" status="PASS">
          <reporter-output>
          </reporter-output>
        </test-method> <!-- closebrowser -->
        <test-method is-config="true" signature="lauchbrowser()[pri:0, instance:org.erp.Login@32eff876]" started-at="2025-08-09T19:26:57 IST" name="lauchbrowser" finished-at="2025-08-09T19:27:00 IST" duration-ms="3301" status="PASS">
          <reporter-output>
          </reporter-output>
        </test-method> <!-- lauchbrowser -->
        <test-method signature="login(java.lang.String,java.lang.String)[pri:0, instance:org.erp.Login@32eff876]" started-at="2025-08-09T19:27:00 IST" name="login" data-provider="logindata" finished-at="2025-08-09T19:27:01 IST" duration-ms="997" status="PASS">
          <params>
            <param index="0">
              <value>
                <![CDATA[]]>
              </value>
            </param>
            <param index="1">
              <value>
                <![CDATA[test@123]]>
              </value>
            </param>
          </params>
          <reporter-output>
          </reporter-output>
        </test-method> <!-- login -->
        <test-method is-config="true" signature="closebrowser()[pri:0, instance:org.erp.Login@32eff876]" started-at="2025-08-09T19:27:01 IST" name="closebrowser" finished-at="2025-08-09T19:27:01 IST" duration-ms="183" status="PASS">
          <reporter-output>
          </reporter-output>
        </test-method> <!-- closebrowser -->
        <test-method is-config="true" signature="lauchbrowser()[pri:0, instance:org.erp.Login@32eff876]" started-at="2025-08-09T19:27:01 IST" name="lauchbrowser" finished-at="2025-08-09T19:27:05 IST" duration-ms="4127" status="PASS">
          <reporter-output>
          </reporter-output>
        </test-method> <!-- lauchbrowser -->
        <test-method signature="login(java.lang.String,java.lang.String)[pri:0, instance:org.erp.Login@32eff876]" started-at="2025-08-09T19:27:05 IST" name="login" data-provider="logindata" finished-at="2025-08-09T19:27:06 IST" duration-ms="714" status="PASS">
          <params>
            <param index="0">
              <value>
                <![CDATA[vikram-kitchens]]>
              </value>
            </param>
            <param index="1">
              <value>
                <![CDATA[]]>
              </value>
            </param>
          </params>
          <reporter-output>
          </reporter-output>
        </test-method> <!-- login -->
        <test-method is-config="true" signature="closebrowser()[pri:0, instance:org.erp.Login@32eff876]" started-at="2025-08-09T19:27:06 IST" name="closebrowser" finished-at="2025-08-09T19:27:06 IST" duration-ms="206" status="PASS">
          <reporter-output>
          </reporter-output>
        </test-method> <!-- closebrowser -->
      </class> <!-- org.erp.Login -->
    </test> <!-- Default test -->
  </suite> <!-- Default suite -->
</testng-results>
