<?xml version="1.0" encoding="UTF-8"?>
<!-- Generated by org.testng.reporters.JUnitReportReporter -->
<testsuite hostname="VIKRAMRAJA" failures="0" tests="5" name="org.erp.Login" time="25.070" errors="0" timestamp="2025-08-09T19:27:06 IST" skipped="0">
  <testcase classname="org.erp.Login" name="login" time="4.284"/>
  <system-out/>
  <testcase classname="org.erp.Login" name="login" time="5.494"/>
  <system-out/>
  <testcase classname="org.erp.Login" name="login" time="4.125"/>
  <system-out/>
  <testcase classname="org.erp.Login" name="login" time="6.103"/>
  <system-out/>
  <testcase classname="org.erp.Login" name="login" time="5.064"/>
  <system-out/>
</testsuite> <!-- org.erp.Login -->
